2025-05-10T13:27:56.315+05:30  INFO 14860 --- [MVCDemo] [main] com.mvc.MVCDemo.MvcDemoApplication       : Starting MvcDemoApplication using Java 17.0.5 with PID 14860 (C:\Users\Debabrata Das\OneDrive\Desktop\MVCDemo\target\classes started by Debabrata Das in C:\Users\Debabrata Das\OneDrive\Desktop\MVCDemo)
2025-05-10T13:27:56.324+05:30  INFO 14860 --- [MVCDemo] [main] com.mvc.MVCDemo.MvcDemoApplication       : No active profile set, falling back to 1 default profile: "default"
2025-05-10T13:27:57.054+05:30  INFO 14860 --- [MVCDemo] [main] .s.d.r.c.RepositoryConfigurationDelegate : Bootstrapping Spring Data JPA repositories in DEFAULT mode.
2025-05-10T13:27:57.128+05:30  INFO 14860 --- [MVCDemo] [main] .s.d.r.c.RepositoryConfigurationDelegate : Finished Spring Data repository scanning in 63 ms. Found 1 JPA repository interface.
2025-05-10T13:27:57.840+05:30  INFO 14860 --- [MVCDemo] [main] o.s.b.w.embedded.tomcat.TomcatWebServer  : Tomcat initialized with port 8080 (http)
2025-05-10T13:27:57.855+05:30  INFO 14860 --- [MVCDemo] [main] o.apache.catalina.core.StandardService   : Starting service [Tomcat]
2025-05-10T13:27:57.855+05:30  INFO 14860 --- [MVCDemo] [main] o.apache.catalina.core.StandardEngine    : Starting Servlet engine: [Apache Tomcat/10.1.39]
2025-05-10T13:27:57.918+05:30  INFO 14860 --- [MVCDemo] [main] o.a.c.c.C.[Tomcat].[localhost].[/]       : Initializing Spring embedded WebApplicationContext
2025-05-10T13:27:57.918+05:30  INFO 14860 --- [MVCDemo] [main] w.s.c.ServletWebServerApplicationContext : Root WebApplicationContext: initialization completed in 1548 ms
2025-05-10T13:27:58.083+05:30  INFO 14860 --- [MVCDemo] [main] o.hibernate.jpa.internal.util.LogHelper  : HHH000204: Processing PersistenceUnitInfo [name: default]
2025-05-10T13:27:58.159+05:30  INFO 14860 --- [MVCDemo] [main] org.hibernate.Version                    : HHH000412: Hibernate ORM core version 6.6.11.Final
2025-05-10T13:27:58.203+05:30  INFO 14860 --- [MVCDemo] [main] o.h.c.internal.RegionFactoryInitiator    : HHH000026: Second-level cache disabled
2025-05-10T13:27:58.521+05:30  INFO 14860 --- [MVCDemo] [main] o.s.o.j.p.SpringPersistenceUnitInfo      : No LoadTimeWeaver setup: ignoring JPA class transformer
2025-05-10T13:27:58.556+05:30  INFO 14860 --- [MVCDemo] [main] com.zaxxer.hikari.HikariDataSource       : HikariPool-1 - Starting...
2025-05-10T13:27:58.814+05:30  INFO 14860 --- [MVCDemo] [main] com.zaxxer.hikari.pool.HikariPool        : HikariPool-1 - Added connection conn0: url=jdbc:h2:file:/D/H2 db user=ROOT
2025-05-10T13:27:58.816+05:30  INFO 14860 --- [MVCDemo] [main] com.zaxxer.hikari.HikariDataSource       : HikariPool-1 - Start completed.
2025-05-10T13:27:58.887+05:30  INFO 14860 --- [MVCDemo] [main] org.hibernate.orm.connections.pooling    : HHH10001005: Database info:
	Database JDBC URL [Connecting through datasource 'HikariDataSource (HikariPool-1)']
	Database driver: undefined/unknown
	Database version: 2.3.232
	Autocommit mode: undefined/unknown
	Isolation level: undefined/unknown
	Minimum pool size: undefined/unknown
	Maximum pool size: undefined/unknown
2025-05-10T13:27:59.898+05:30  INFO 14860 --- [MVCDemo] [main] o.h.e.t.j.p.i.JtaPlatformInitiator       : HHH000489: No JTA platform available (set 'hibernate.transaction.jta.platform' to enable JTA platform integration)
2025-05-10T13:27:59.929+05:30  INFO 14860 --- [MVCDemo] [main] j.LocalContainerEntityManagerFactoryBean : Initialized JPA EntityManagerFactory for persistence unit 'default'
2025-05-10T13:28:00.282+05:30  WARN 14860 --- [MVCDemo] [main] JpaBaseConfiguration$JpaWebConfiguration : spring.jpa.open-in-view is enabled by default. Therefore, database queries may be performed during view rendering. Explicitly configure spring.jpa.open-in-view to disable this warning
2025-05-10T13:28:00.575+05:30  INFO 14860 --- [MVCDemo] [main] o.s.b.a.h2.H2ConsoleAutoConfiguration    : H2 console available at '/h2-console'. Database available at 'jdbc:h2:file:/D/H2 db'
2025-05-10T13:28:00.639+05:30  INFO 14860 --- [MVCDemo] [main] o.s.b.w.embedded.tomcat.TomcatWebServer  : Tomcat started on port 8080 (http) with context path '/'
2025-05-10T13:28:00.647+05:30  INFO 14860 --- [MVCDemo] [main] com.mvc.MVCDemo.MvcDemoApplication       : Started MvcDemoApplication in 4.867 seconds (process running for 5.283)
2025-05-10T13:30:25.700+05:30  INFO 14860 --- [MVCDemo] [SpringApplicationShutdownHook] o.s.b.w.e.tomcat.GracefulShutdown        : Commencing graceful shutdown. Waiting for active requests to complete
2025-05-10T13:30:25.822+05:30  INFO 14860 --- [MVCDemo] [tomcat-shutdown] o.s.b.w.e.tomcat.GracefulShutdown        : Graceful shutdown complete
2025-05-10T13:30:25.824+05:30  INFO 14860 --- [MVCDemo] [SpringApplicationShutdownHook] j.LocalContainerEntityManagerFactoryBean : Closing JPA EntityManagerFactory for persistence unit 'default'
2025-05-10T13:30:25.826+05:30  INFO 14860 --- [MVCDemo] [SpringApplicationShutdownHook] com.zaxxer.hikari.HikariDataSource       : HikariPool-1 - Shutdown initiated...
2025-05-10T13:30:25.828+05:30  INFO 14860 --- [MVCDemo] [SpringApplicationShutdownHook] com.zaxxer.hikari.HikariDataSource       : HikariPool-1 - Shutdown completed.
